[framework] 2014-06-30 03:19:41,575 - org.jboss.logging -0    [main] DEBUG org.jboss.logging  - Logging Provider: org.jboss.logging.Log4jLoggerProvider
[framework] 2014-06-30 03:19:41,582 - org.hibernate.validator.internal.util.Version -7    [main] INFO  org.hibernate.validator.internal.util.Version  - HV000001: Hibernate Validator 4.3.1.Final
[framework] 2014-06-30 03:19:41,606 - org.hibernate.validator.internal.engine.resolver.DefaultTraversableResolver -31   [main] DEBUG org.hibernate.validator.internal.engine.resolver.DefaultTraversableResolver  - Found javax.persistence.Persistence on classpath containing 'getPersistenceUtil'. Assuming JPA 2 environment. Trying to instantiate JPA aware TraversableResolver
[framework] 2014-06-30 03:19:41,610 - org.hibernate.validator.internal.engine.resolver.DefaultTraversableResolver -35   [main] DEBUG org.hibernate.validator.internal.engine.resolver.DefaultTraversableResolver  - Instantiated JPA aware TraversableResolver of type org.hibernate.validator.internal.engine.resolver.JPATraversableResolver.
[framework] 2014-06-30 03:19:41,617 - org.hibernate.validator.internal.xml.ValidationXmlParser -42   [main] DEBUG org.hibernate.validator.internal.xml.ValidationXmlParser  - Trying to load META-INF/validation.xml for XML based Validator configuration.
[framework] 2014-06-30 03:19:41,630 - org.hibernate.validator.internal.xml.ValidationXmlParser -55   [main] DEBUG org.hibernate.validator.internal.xml.ValidationXmlParser  - No META-INF/validation.xml found. Using annotation based configuration only.
[framework] 2014-06-30 03:19:41,748 - org.hibernate.validator.internal.engine.resolver.DefaultTraversableResolver -173  [main] DEBUG org.hibernate.validator.internal.engine.resolver.DefaultTraversableResolver  - Found javax.persistence.Persistence on classpath containing 'getPersistenceUtil'. Assuming JPA 2 environment. Trying to instantiate JPA aware TraversableResolver
[framework] 2014-06-30 03:19:41,749 - org.hibernate.validator.internal.engine.resolver.DefaultTraversableResolver -174  [main] DEBUG org.hibernate.validator.internal.engine.resolver.DefaultTraversableResolver  - Instantiated JPA aware TraversableResolver of type org.hibernate.validator.internal.engine.resolver.JPATraversableResolver.
[framework] 2014-06-30 03:19:41,750 - org.hibernate.validator.internal.xml.ValidationXmlParser -175  [main] DEBUG org.hibernate.validator.internal.xml.ValidationXmlParser  - Trying to load META-INF/validation.xml for XML based Validator configuration.
[framework] 2014-06-30 03:19:41,755 - org.hibernate.validator.internal.xml.ValidationXmlParser -180  [main] DEBUG org.hibernate.validator.internal.xml.ValidationXmlParser  - No META-INF/validation.xml found. Using annotation based configuration only.
[framework] 2014-06-30 03:19:41,768 - org.hibernate.validator.internal.engine.resolver.DefaultTraversableResolver -193  [main] DEBUG org.hibernate.validator.internal.engine.resolver.DefaultTraversableResolver  - Found javax.persistence.Persistence on classpath containing 'getPersistenceUtil'. Assuming JPA 2 environment. Trying to instantiate JPA aware TraversableResolver
[framework] 2014-06-30 03:19:41,769 - org.hibernate.validator.internal.engine.resolver.DefaultTraversableResolver -194  [main] DEBUG org.hibernate.validator.internal.engine.resolver.DefaultTraversableResolver  - Instantiated JPA aware TraversableResolver of type org.hibernate.validator.internal.engine.resolver.JPATraversableResolver.
[framework] 2014-06-30 03:19:41,770 - org.hibernate.validator.internal.xml.ValidationXmlParser -195  [main] DEBUG org.hibernate.validator.internal.xml.ValidationXmlParser  - Trying to load META-INF/validation.xml for XML based Validator configuration.
[framework] 2014-06-30 03:19:41,772 - org.hibernate.validator.internal.xml.ValidationXmlParser -197  [main] DEBUG org.hibernate.validator.internal.xml.ValidationXmlParser  - No META-INF/validation.xml found. Using annotation based configuration only.
[framework] 2014-06-30 03:19:42,256 - org.hibernate.validator.internal.engine.resolver.DefaultTraversableResolver -681  [main] DEBUG org.hibernate.validator.internal.engine.resolver.DefaultTraversableResolver  - Found javax.persistence.Persistence on classpath containing 'getPersistenceUtil'. Assuming JPA 2 environment. Trying to instantiate JPA aware TraversableResolver
[framework] 2014-06-30 03:19:42,257 - org.hibernate.validator.internal.engine.resolver.DefaultTraversableResolver -682  [main] DEBUG org.hibernate.validator.internal.engine.resolver.DefaultTraversableResolver  - Instantiated JPA aware TraversableResolver of type org.hibernate.validator.internal.engine.resolver.JPATraversableResolver.
[framework] 2014-06-30 03:19:42,258 - org.hibernate.validator.internal.xml.ValidationXmlParser -683  [main] DEBUG org.hibernate.validator.internal.xml.ValidationXmlParser  - Trying to load META-INF/validation.xml for XML based Validator configuration.
[framework] 2014-06-30 03:19:42,262 - org.hibernate.validator.internal.xml.ValidationXmlParser -687  [main] DEBUG org.hibernate.validator.internal.xml.ValidationXmlParser  - No META-INF/validation.xml found. Using annotation based configuration only.
[framework] 2014-06-30 03:19:42,273 - org.hibernate.validator.internal.engine.resolver.DefaultTraversableResolver -698  [main] DEBUG org.hibernate.validator.internal.engine.resolver.DefaultTraversableResolver  - Found javax.persistence.Persistence on classpath containing 'getPersistenceUtil'. Assuming JPA 2 environment. Trying to instantiate JPA aware TraversableResolver
[framework] 2014-06-30 03:19:42,274 - org.hibernate.validator.internal.engine.resolver.DefaultTraversableResolver -699  [main] DEBUG org.hibernate.validator.internal.engine.resolver.DefaultTraversableResolver  - Instantiated JPA aware TraversableResolver of type org.hibernate.validator.internal.engine.resolver.JPATraversableResolver.
[framework] 2014-06-30 03:19:42,276 - org.hibernate.validator.internal.xml.ValidationXmlParser -701  [main] DEBUG org.hibernate.validator.internal.xml.ValidationXmlParser  - Trying to load META-INF/validation.xml for XML based Validator configuration.
[framework] 2014-06-30 03:19:42,280 - org.hibernate.validator.internal.xml.ValidationXmlParser -705  [main] DEBUG org.hibernate.validator.internal.xml.ValidationXmlParser  - No META-INF/validation.xml found. Using annotation based configuration only.
[framework] 2014-06-30 03:19:43,961 - org.hibernate.validator.internal.engine.resolver.DefaultTraversableResolver -2386 [main] DEBUG org.hibernate.validator.internal.engine.resolver.DefaultTraversableResolver  - Found javax.persistence.Persistence on classpath containing 'getPersistenceUtil'. Assuming JPA 2 environment. Trying to instantiate JPA aware TraversableResolver
[framework] 2014-06-30 03:19:43,962 - org.hibernate.validator.internal.engine.resolver.DefaultTraversableResolver -2387 [main] DEBUG org.hibernate.validator.internal.engine.resolver.DefaultTraversableResolver  - Instantiated JPA aware TraversableResolver of type org.hibernate.validator.internal.engine.resolver.JPATraversableResolver.
[framework] 2014-06-30 03:19:43,963 - org.hibernate.validator.internal.engine.ConfigurationImpl -2388 [main] DEBUG org.hibernate.validator.internal.engine.ConfigurationImpl  - Setting custom MessageInterpolator of type org.springframework.validation.beanvalidation.LocaleContextMessageInterpolator
[framework] 2014-06-30 03:19:43,964 - org.hibernate.validator.internal.engine.ConfigurationImpl -2389 [main] DEBUG org.hibernate.validator.internal.engine.ConfigurationImpl  - Setting custom ConstraintValidatorFactory of type org.springframework.validation.beanvalidation.SpringConstraintValidatorFactory
[framework] 2014-06-30 03:19:43,964 - org.hibernate.validator.internal.xml.ValidationXmlParser -2389 [main] DEBUG org.hibernate.validator.internal.xml.ValidationXmlParser  - Trying to load META-INF/validation.xml for XML based Validator configuration.
[framework] 2014-06-30 03:19:43,966 - org.hibernate.validator.internal.xml.ValidationXmlParser -2391 [main] DEBUG org.hibernate.validator.internal.xml.ValidationXmlParser  - No META-INF/validation.xml found. Using annotation based configuration only.
[framework] 2014-06-30 03:19:44,227 - org.hibernate.validator.internal.engine.resolver.DefaultTraversableResolver -2652 [main] DEBUG org.hibernate.validator.internal.engine.resolver.DefaultTraversableResolver  - Found javax.persistence.Persistence on classpath containing 'getPersistenceUtil'. Assuming JPA 2 environment. Trying to instantiate JPA aware TraversableResolver
[framework] 2014-06-30 03:19:44,229 - org.hibernate.validator.internal.engine.resolver.DefaultTraversableResolver -2654 [main] DEBUG org.hibernate.validator.internal.engine.resolver.DefaultTraversableResolver  - Instantiated JPA aware TraversableResolver of type org.hibernate.validator.internal.engine.resolver.JPATraversableResolver.
[framework] 2014-06-30 03:19:44,230 - org.hibernate.validator.internal.engine.ConfigurationImpl -2655 [main] DEBUG org.hibernate.validator.internal.engine.ConfigurationImpl  - Setting custom MessageInterpolator of type org.springframework.validation.beanvalidation.LocaleContextMessageInterpolator
[framework] 2014-06-30 03:19:44,230 - org.hibernate.validator.internal.engine.ConfigurationImpl -2655 [main] DEBUG org.hibernate.validator.internal.engine.ConfigurationImpl  - Setting custom ConstraintValidatorFactory of type org.springframework.validation.beanvalidation.SpringConstraintValidatorFactory
[framework] 2014-06-30 03:19:44,231 - org.hibernate.validator.internal.xml.ValidationXmlParser -2656 [main] DEBUG org.hibernate.validator.internal.xml.ValidationXmlParser  - Trying to load META-INF/validation.xml for XML based Validator configuration.
[framework] 2014-06-30 03:19:44,234 - org.hibernate.validator.internal.xml.ValidationXmlParser -2659 [main] DEBUG org.hibernate.validator.internal.xml.ValidationXmlParser  - No META-INF/validation.xml found. Using annotation based configuration only.
